# JRE version: Java(TM) SE Runtime Environment (8.0_171-b11) (build 1.8.0_171-b11)
# Java VM: Java HotSpot(TM) 64-Bit Server VM (25.171-b11 mixed mode windows-amd64 compressed oops)
Heap:
 PSYoungGen      total 403456K, used 357236K [0x000000076dd00000, 0x000000078cc80000, 0x00000007c0000000)
  eden space 356864K, 98% used [0x000000076dd00000,0x00000007833d9a18,0x0000000783980000)
  from space 46592K, 13% used [0x0000000783980000,0x0000000783fb84c0,0x0000000786700000)
  to   space 46080K, 0% used [0x0000000789f80000,0x0000000789f80000,0x000000078cc80000)
 ParOldGen       total 212992K, used 61315K [0x00000006c9600000, 0x00000006d6600000, 0x000000076dd00000)
  object space 212992K, 28% used [0x00000006c9600000,0x00000006cd1e0e80,0x00000006d6600000)
 Metaspace       used 67824K, capacity 71104K, committed 71384K, reserved 1112064K
  class space    used 8234K, capacity 8860K, committed 8920K, reserved 1048576K
GC Heap History (10 events):
Event: 86.210 GC heap before
{Heap before GC invocations=15 (full 3):
 PSYoungGen      total 274432K, used 274400K [0x000000076dd00000, 0x0000000784c00000, 0x00000007c0000000)
  eden space 253440K, 100% used [0x000000076dd00000,0x000000077d480000,0x000000077d480000)
  from space 20992K, 99% used [0x000000077d480000,0x000000077e8f80e0,0x000000077e900000)
  to   space 31232K, 0% used [0x0000000782d80000,0x0000000782d80000,0x0000000784c00000)
 ParOldGen       total 212992K, used 51416K [0x00000006c9600000, 0x00000006d6600000, 0x000000076dd00000)
  object space 212992K, 24% used [0x00000006c9600000,0x00000006cc8360c0,0x00000006d6600000)
 Metaspace       used 66166K, capacity 69402K, committed 69464K, reserved 1110016K
  class space    used 8166K, capacity 8740K, committed 8792K, reserved 1048576K
Event: 86.275 GC heap after
Heap after GC invocations=15 (full 3):
 PSYoungGen      total 333312K, used 31203K [0x000000076dd00000, 0x0000000785a80000, 0x00000007c0000000)
  eden space 302080K, 0% used [0x000000076dd00000,0x000000076dd00000,0x0000000780400000)
  from space 31232K, 99% used [0x0000000782d80000,0x0000000784bf8d28,0x0000000784c00000)
  to   space 42496K, 0% used [0x0000000780400000,0x0000000780400000,0x0000000782d80000)
 ParOldGen       total 212992K, used 69708K [0x00000006c9600000, 0x00000006d6600000, 0x000000076dd00000)
  object space 212992K, 32% used [0x00000006c9600000,0x00000006cda132d0,0x00000006d6600000)
 Metaspace       used 66166K, capacity 69402K, committed 69464K, reserved 1110016K
  class space    used 8166K, capacity 8740K, committed 8792K, reserved 1048576K
}
Event: 119.569 GC heap before
{Heap before GC invocations=16 (full 3):
 PSYoungGen      total 333312K, used 333283K [0x000000076dd00000, 0x0000000785a80000, 0x00000007c0000000)
  eden space 302080K, 100% used [0x000000076dd00000,0x0000000780400000,0x0000000780400000)
  from space 31232K, 99% used [0x0000000782d80000,0x0000000784bf8d28,0x0000000784c00000)
  to   space 42496K, 0% used [0x0000000780400000,0x0000000780400000,0x0000000782d80000)
 ParOldGen       total 212992K, used 69708K [0x00000006c9600000, 0x00000006d6600000, 0x000000076dd00000)
  object space 212992K, 32% used [0x00000006c9600000,0x00000006cda132d0,0x00000006d6600000)
 Metaspace       used 66658K, capacity 69862K, committed 69976K, reserved 1110016K
  class space    used 8168K, capacity 8742K, committed 8792K, reserved 1048576K
Event: 119.655 GC heap after
Heap after GC invocations=16 (full 3):
 PSYoungGen      total 344576K, used 41215K [0x000000076dd00000, 0x0000000789880000, 0x00000007c0000000)
  eden space 302080K, 0% used [0x000000076dd00000,0x000000076dd00000,0x0000000780400000)
  from space 42496K, 96% used [0x0000000780400000,0x0000000782c3fec0,0x0000000782d80000)
  to   space 48640K, 0% used [0x0000000786900000,0x0000000786900000,0x0000000789880000)
 ParOldGen       total 212992K, used 87494K [0x00000006c9600000, 0x00000006d6600000, 0x000000076dd00000)
  object space 212992K, 41% used [0x00000006c9600000,0x00000006ceb71880,0x00000006d6600000)
 Metaspace       used 66658K, capacity 69862K, committed 69976K, reserved 1110016K
  class space    used 8168K, capacity 8742K, committed 8792K, reserved 1048576K
}
Event: 135.391 GC heap before
{Heap before GC invocations=17 (full 3):
 PSYoungGen      total 344576K, used 178159K [0x000000076dd00000, 0x0000000789880000, 0x00000007c0000000)
  eden space 302080K, 45% used [0x000000076dd00000,0x00000007762bbd68,0x0000000780400000)
  from space 42496K, 96% used [0x0000000780400000,0x0000000782c3fec0,0x0000000782d80000)
  to   space 48640K, 0% used [0x0000000786900000,0x0000000786900000,0x0000000789880000)
 ParOldGen       total 212992K, used 87494K [0x00000006c9600000, 0x00000006d6600000, 0x000000076dd00000)
  object space 212992K, 41% used [0x00000006c9600000,0x00000006ceb71880,0x00000006d6600000)
 Metaspace       used 66957K, capacity 70162K, committed 70360K, reserved 1110016K
  class space    used 8205K, capacity 8797K, committed 8920K, reserved 1048576K
Event: 135.416 GC heap after
Heap after GC invocations=17 (full 3):
 PSYoungGen      total 401408K, used 16285K [0x000000076dd00000, 0x0000000789480000, 0x00000007c0000000)
  eden space 356864K, 0% used [0x000000076dd00000,0x000000076dd00000,0x0000000783980000)
  from space 44544K, 36% used [0x0000000786900000,0x00000007878e7500,0x0000000789480000)
  to   space 46592K, 0% used [0x0000000783980000,0x0000000783980000,0x0000000786700000)
 ParOldGen       total 212992K, used 87502K [0x00000006c9600000, 0x00000006d6600000, 0x000000076dd00000)
  object space 212992K, 41% used [0x00000006c9600000,0x00000006ceb73880,0x00000006d6600000)
 Metaspace       used 66957K, capacity 70162K, committed 70360K, reserved 1110016K
  class space    used 8205K, capacity 8797K, committed 8920K, reserved 1048576K
}
Event: 135.416 GC heap before
{Heap before GC invocations=18 (full 4):
 PSYoungGen      total 401408K, used 16285K [0x000000076dd00000, 0x0000000789480000, 0x00000007c0000000)
  eden space 356864K, 0% used [0x000000076dd00000,0x000000076dd00000,0x0000000783980000)
  from space 44544K, 36% used [0x0000000786900000,0x00000007878e7500,0x0000000789480000)
  to   space 46592K, 0% used [0x0000000783980000,0x0000000783980000,0x0000000786700000)
 ParOldGen       total 212992K, used 87502K [0x00000006c9600000, 0x00000006d6600000, 0x000000076dd00000)
  object space 212992K, 41% used [0x00000006c9600000,0x00000006ceb73880,0x00000006d6600000)
 Metaspace       used 66957K, capacity 70162K, committed 70360K, reserved 1110016K
  class space    used 8205K, capacity 8797K, committed 8920K, reserved 1048576K
Event: 135.720 GC heap after
Heap after GC invocations=18 (full 4):
 PSYoungGen      total 401408K, used 0K [0x000000076dd00000, 0x0000000789480000, 0x00000007c0000000)
  eden space 356864K, 0% used [0x000000076dd00000,0x000000076dd00000,0x0000000783980000)
  from space 44544K, 0% used [0x0000000786900000,0x0000000786900000,0x0000000789480000)
  to   space 46592K, 0% used [0x0000000783980000,0x0000000783980000,0x0000000786700000)
 ParOldGen       total 212992K, used 61307K [0x00000006c9600000, 0x00000006d6600000, 0x000000076dd00000)
  object space 212992K, 28% used [0x00000006c9600000,0x00000006cd1dee80,0x00000006d6600000)
 Metaspace       used 66882K, capacity 70006K, committed 70360K, reserved 1110016K
  class space    used 8191K, capacity 8771K, committed 8920K, reserved 1048576K
}
Event: 137.201 GC heap before
{Heap before GC invocations=19 (full 4):
 PSYoungGen      total 401408K, used 356864K [0x000000076dd00000, 0x0000000789480000, 0x00000007c0000000)
  eden space 356864K, 100% used [0x000000076dd00000,0x0000000783980000,0x0000000783980000)
  from space 44544K, 0% used [0x0000000786900000,0x0000000786900000,0x0000000789480000)
  to   space 46592K, 0% used [0x0000000783980000,0x0000000783980000,0x0000000786700000)
 ParOldGen       total 212992K, used 61307K [0x00000006c9600000, 0x00000006d6600000, 0x000000076dd00000)
  object space 212992K, 28% used [0x00000006c9600000,0x00000006cd1dee80,0x00000006d6600000)
 Metaspace       used 67467K, capacity 70700K, committed 70872K, reserved 1112064K
  class space    used 8218K, capacity 8846K, committed 8920K, reserved 1048576K
Event: 137.207 GC heap after
Heap after GC invocations=19 (full 4):
 PSYoungGen      total 403456K, used 6369K [0x000000076dd00000, 0x000000078cc80000, 0x00000007c0000000)
  eden space 356864K, 0% used [0x000000076dd00000,0x000000076dd00000,0x0000000783980000)
  from space 46592K, 13% used [0x0000000783980000,0x0000000783fb84c0,0x0000000786700000)
  to   space 46080K, 0% used [0x0000000789f80000,0x0000000789f80000,0x000000078cc80000)
 ParOldGen       total 212992K, used 61315K [0x00000006c9600000, 0x00000006d6600000, 0x000000076dd00000)
  object space 212992K, 28% used [0x00000006c9600000,0x00000006cd1e0e80,0x00000006d6600000)
 Metaspace       used 67467K, capacity 70700K, committed 70872K, reserved 1112064K
  class space    used 8218K, capacity 8846K, committed 8920K, reserved 1048576K
}

