# JRE version: Java(TM) SE Runtime Environment (8.0_171-b11) (build 1.8.0_171-b11)
# Java VM: Java HotSpot(TM) 64-Bit Server VM (25.171-b11 mixed mode windows-amd64 compressed oops)
Heap:
 PSYoungGen      total 493568K, used 354500K [0x000000076dd00000, 0x000000078fe00000, 0x00000007c0000000)
  eden space 429056K, 67% used [0x000000076dd00000,0x000000077f837618,0x0000000788000000)
  from space 64512K, 99% used [0x0000000788000000,0x000000078bef9b20,0x000000078bf00000)
  to   space 57344K, 0% used [0x000000078c080000,0x000000078c080000,0x000000078f880000)
 ParOldGen       total 199680K, used 95382K [0x00000006c9600000, 0x00000006d5900000, 0x000000076dd00000)
  object space 199680K, 47% used [0x00000006c9600000,0x00000006cf3258e8,0x00000006d5900000)
 Metaspace       used 67241K, capacity 70298K, committed 70488K, reserved 1112064K
  class space    used 8164K, capacity 8750K, committed 8792K, reserved 1048576K
GC Heap History (10 events):
Event: 56.177 GC heap before
{Heap before GC invocations=14 (full 3):
 PSYoungGen      total 295936K, used 295907K [0x000000076dd00000, 0x0000000782280000, 0x00000007c0000000)
  eden space 279552K, 100% used [0x000000076dd00000,0x000000077ee00000,0x000000077ee00000)
  from space 16384K, 99% used [0x0000000780300000,0x00000007812f8f40,0x0000000781300000)
  to   space 21504K, 0% used [0x000000077ee00000,0x000000077ee00000,0x0000000780300000)
 ParOldGen       total 199680K, used 31583K [0x00000006c9600000, 0x00000006d5900000, 0x000000076dd00000)
  object space 199680K, 15% used [0x00000006c9600000,0x00000006cb4d7df8,0x00000006d5900000)
 Metaspace       used 65823K, capacity 69134K, committed 69208K, reserved 1110016K
  class space    used 8161K, capacity 8748K, committed 8792K, reserved 1048576K
Event: 56.238 GC heap after
Heap after GC invocations=14 (full 3):
 PSYoungGen      total 301056K, used 21480K [0x000000076dd00000, 0x0000000788400000, 0x00000007c0000000)
  eden space 279552K, 0% used [0x000000076dd00000,0x000000076dd00000,0x000000077ee00000)
  from space 21504K, 99% used [0x000000077ee00000,0x00000007802fa198,0x0000000780300000)
  to   space 34816K, 0% used [0x0000000786200000,0x0000000786200000,0x0000000788400000)
 ParOldGen       total 199680K, used 61533K [0x00000006c9600000, 0x00000006d5900000, 0x000000076dd00000)
  object space 199680K, 30% used [0x00000006c9600000,0x00000006cd217450,0x00000006d5900000)
 Metaspace       used 65823K, capacity 69134K, committed 69208K, reserved 1110016K
  class space    used 8161K, capacity 8748K, committed 8792K, reserved 1048576K
}
Event: 74.757 GC heap before
{Heap before GC invocations=15 (full 3):
 PSYoungGen      total 301056K, used 301032K [0x000000076dd00000, 0x0000000788400000, 0x00000007c0000000)
  eden space 279552K, 100% used [0x000000076dd00000,0x000000077ee00000,0x000000077ee00000)
  from space 21504K, 99% used [0x000000077ee00000,0x00000007802fa198,0x0000000780300000)
  to   space 34816K, 0% used [0x0000000786200000,0x0000000786200000,0x0000000788400000)
 ParOldGen       total 199680K, used 61533K [0x00000006c9600000, 0x00000006d5900000, 0x000000076dd00000)
  object space 199680K, 30% used [0x00000006c9600000,0x00000006cd217450,0x00000006d5900000)
 Metaspace       used 66516K, capacity 69722K, committed 69976K, reserved 1110016K
  class space    used 8163K, capacity 8750K, committed 8792K, reserved 1048576K
Event: 74.832 GC heap after
Heap after GC invocations=15 (full 3):
 PSYoungGen      total 386560K, used 34801K [0x000000076dd00000, 0x0000000789300000, 0x00000007c0000000)
  eden space 351744K, 0% used [0x000000076dd00000,0x000000076dd00000,0x0000000783480000)
  from space 34816K, 99% used [0x0000000786200000,0x00000007883fc450,0x0000000788400000)
  to   space 46592K, 0% used [0x0000000783480000,0x0000000783480000,0x0000000786200000)
 ParOldGen       total 199680K, used 78393K [0x00000006c9600000, 0x00000006d5900000, 0x000000076dd00000)
  object space 199680K, 39% used [0x00000006c9600000,0x00000006ce28e418,0x00000006d5900000)
 Metaspace       used 66516K, capacity 69722K, committed 69976K, reserved 1110016K
  class space    used 8163K, capacity 8750K, committed 8792K, reserved 1048576K
}
Event: 99.223 GC heap before
{Heap before GC invocations=16 (full 3):
 PSYoungGen      total 386560K, used 386545K [0x000000076dd00000, 0x0000000789300000, 0x00000007c0000000)
  eden space 351744K, 100% used [0x000000076dd00000,0x0000000783480000,0x0000000783480000)
  from space 34816K, 99% used [0x0000000786200000,0x00000007883fc450,0x0000000788400000)
  to   space 46592K, 0% used [0x0000000783480000,0x0000000783480000,0x0000000786200000)
 ParOldGen       total 199680K, used 78393K [0x00000006c9600000, 0x00000006d5900000, 0x000000076dd00000)
  object space 199680K, 39% used [0x00000006c9600000,0x00000006ce28e418,0x00000006d5900000)
 Metaspace       used 66952K, capacity 70170K, committed 70232K, reserved 1110016K
  class space    used 8164K, capacity 8750K, committed 8792K, reserved 1048576K
Event: 99.314 GC heap after
Heap after GC invocations=16 (full 3):
 PSYoungGen      total 398336K, used 46576K [0x000000076dd00000, 0x000000078f880000, 0x00000007c0000000)
  eden space 351744K, 0% used [0x000000076dd00000,0x000000076dd00000,0x0000000783480000)
  from space 46592K, 99% used [0x0000000783480000,0x00000007861fc210,0x0000000786200000)
  to   space 57344K, 0% used [0x000000078c080000,0x000000078c080000,0x000000078f880000)
 ParOldGen       total 199680K, used 87313K [0x00000006c9600000, 0x00000006d5900000, 0x000000076dd00000)
  object space 199680K, 43% used [0x00000006c9600000,0x00000006ceb44738,0x00000006d5900000)
 Metaspace       used 66952K, capacity 70170K, committed 70232K, reserved 1110016K
  class space    used 8164K, capacity 8750K, committed 8792K, reserved 1048576K
}
Event: 123.445 GC heap before
{Heap before GC invocations=17 (full 3):
 PSYoungGen      total 398336K, used 398320K [0x000000076dd00000, 0x000000078f880000, 0x00000007c0000000)
  eden space 351744K, 100% used [0x000000076dd00000,0x0000000783480000,0x0000000783480000)
  from space 46592K, 99% used [0x0000000783480000,0x00000007861fc210,0x0000000786200000)
  to   space 57344K, 0% used [0x000000078c080000,0x000000078c080000,0x000000078f880000)
 ParOldGen       total 199680K, used 87313K [0x00000006c9600000, 0x00000006d5900000, 0x000000076dd00000)
  object space 199680K, 43% used [0x00000006c9600000,0x00000006ceb44738,0x00000006d5900000)
 Metaspace       used 67203K, capacity 70298K, committed 70488K, reserved 1112064K
  class space    used 8164K, capacity 8750K, committed 8792K, reserved 1048576K
Event: 123.534 GC heap after
Heap after GC invocations=17 (full 3):
 PSYoungGen      total 486400K, used 51919K [0x000000076dd00000, 0x000000078fe00000, 0x00000007c0000000)
  eden space 429056K, 0% used [0x000000076dd00000,0x000000076dd00000,0x0000000788000000)
  from space 57344K, 90% used [0x000000078c080000,0x000000078f333fd0,0x000000078f880000)
  to   space 64512K, 0% used [0x0000000788000000,0x0000000788000000,0x000000078bf00000)
 ParOldGen       total 199680K, used 91599K [0x00000006c9600000, 0x00000006d5900000, 0x000000076dd00000)
  object space 199680K, 45% used [0x00000006c9600000,0x00000006cef73e78,0x00000006d5900000)
 Metaspace       used 67203K, capacity 70298K, committed 70488K, reserved 1112064K
  class space    used 8164K, capacity 8750K, committed 8792K, reserved 1048576K
}
Event: 152.728 GC heap before
{Heap before GC invocations=18 (full 3):
 PSYoungGen      total 486400K, used 480975K [0x000000076dd00000, 0x000000078fe00000, 0x00000007c0000000)
  eden space 429056K, 100% used [0x000000076dd00000,0x0000000788000000,0x0000000788000000)
  from space 57344K, 90% used [0x000000078c080000,0x000000078f333fd0,0x000000078f880000)
  to   space 64512K, 0% used [0x0000000788000000,0x0000000788000000,0x000000078bf00000)
 ParOldGen       total 199680K, used 91599K [0x00000006c9600000, 0x00000006d5900000, 0x000000076dd00000)
  object space 199680K, 45% used [0x00000006c9600000,0x00000006cef73e78,0x00000006d5900000)
 Metaspace       used 67233K, capacity 70298K, committed 70488K, reserved 1112064K
  class space    used 8164K, capacity 8750K, committed 8792K, reserved 1048576K
Event: 152.842 GC heap after
Heap after GC invocations=18 (full 3):
 PSYoungGen      total 493568K, used 64486K [0x000000076dd00000, 0x000000078fe00000, 0x00000007c0000000)
  eden space 429056K, 0% used [0x000000076dd00000,0x000000076dd00000,0x0000000788000000)
  from space 64512K, 99% used [0x0000000788000000,0x000000078bef9b20,0x000000078bf00000)
  to   space 57344K, 0% used [0x000000078c080000,0x000000078c080000,0x000000078f880000)
 ParOldGen       total 199680K, used 95382K [0x00000006c9600000, 0x00000006d5900000, 0x000000076dd00000)
  object space 199680K, 47% used [0x00000006c9600000,0x00000006cf3258e8,0x00000006d5900000)
 Metaspace       used 67233K, capacity 70298K, committed 70488K, reserved 1112064K
  class space    used 8164K, capacity 8750K, committed 8792K, reserved 1048576K
}

